10/04/17 09:56:35  - Building message catalogs...
10/04/17 09:56:35  - Building Linux x86 64 install...  
10/04/17 09:56:35  - Building main.tcl...
10/04/17 09:56:35  - Refreshing file groups...
10/04/17 09:56:35  - Getting file list...
10/04/17 09:56:35  - Building file manifest...
10/04/17 09:56:35  - Saving install information...
10/04/17 09:56:38  - Building install...
10/04/17 09:56:38  - Building install executable...
10/04/17 09:56:38  - Linux x86 64 build completed in 00m03s.
10/04/17 09:56:38  - Installer size is 1.35 MB.
10/04/17 09:56:38  - Build completed in 00m03s.
10/04/17 10:07:16  - Building message catalogs...
10/04/17 10:07:16  - Building Linux x86 64 install...  
10/04/17 10:07:16  - Building main.tcl...
10/04/17 10:07:16  - Refreshing file groups...
10/04/17 10:07:16  - Getting file list...
10/04/17 10:07:16  - Building file manifest...
10/04/17 10:07:16  - Saving install information...
10/04/17 10:07:19  - Building install...
10/04/17 10:07:19  - Building install executable...
10/04/17 10:07:19  - Linux x86 64 build completed in 00m03s.
10/04/17 10:07:19  - Installer size is 1.35 MB.
10/04/17 10:07:19  - Build completed in 00m03s.
10/04/17 10:18:19  - Building message catalogs...
10/04/17 10:18:19  - Building Linux x86 64 install...  
10/04/17 10:18:19  - Building main.tcl...
10/04/17 10:18:19  - can't read "info(BuildVersion)": no such element in array
    while executing
"set buildInfo($var) $info($var)"
    (procedure "BuildForPlatform" line 100)
    invoked from within
"BuildForPlatform $next"
    (procedure "BuildNext" line 16)
    invoked from within
"BuildNext"
    (procedure "Build" line 154)
    invoked from within
"Build"
    invoked from within
".installjammer.toolbar.build:cmd invoke"
    ("uplevel" body line 1)
    invoked from within
"uplevel #0 [list $path:cmd invoke]"
    (procedure "TTKButton::invoke" line 2)
    invoked from within
"TTKButton::invoke .installjammer.toolbar.build"
    ("eval" body line 1)
    invoked from within
"eval [linsert $args 0 TTKButton::$cmd .installjammer.toolbar.build]"
    (procedure ".installjammer.toolbar.build" line 1)
    invoked from within
".installjammer.toolbar.build invoke "
    invoked from within
".installjammer.toolbar.build:cmd instate {pressed !disabled} { .installjammer.toolbar.build state !pressed; .installjammer.toolbar.build invoke }"
    ("uplevel" body line 1)
    invoked from within
"uplevel #0 [list $path:cmd instate] $args"
    (procedure "TTKButton::instate" line 2)
    invoked from within
"TTKButton::instate .installjammer.toolbar.build {pressed !disabled} { .installjammer.toolbar.build state !pressed; .installjammer.toolbar.build invoke..."
    ("eval" body line 1)
    invoked from within
"eval [linsert $args 0 TTKButton::$cmd .installjammer.toolbar.build]"
    (procedure ".installjammer.toolbar.build" line 1)
    invoked from within
".installjammer.toolbar.build instate {pressed !disabled} { .installjammer.toolbar.build state !pressed; .installjammer.toolbar.build invoke } "
    (command bound to event)
10/04/17 10:18:19  - Fatal error in build.
10/04/17 10:18:19  - Build stopped.
10/04/17 10:18:27  - Building message catalogs...
10/04/17 10:18:27  - Building Linux x86 64 install...  
10/04/17 10:18:27  - Building main.tcl...
10/04/17 10:18:28  - Refreshing file groups...
10/04/17 10:18:28  - Getting file list...
10/04/17 10:18:28  - Building file manifest...
10/04/17 10:18:28  - Saving install information...
10/04/17 10:18:30  - Building install...
10/04/17 10:18:30  - Building install executable...
10/04/17 10:18:31  - Linux x86 64 build completed in 00m04s.
10/04/17 10:18:31  - Installer size is 1.35 MB.
10/04/17 10:18:31  - Build completed in 00m04s.
